mode: set
Back-End-Ecommers/repository/category/category.go:14.43,18.2 1 1
Back-End-Ecommers/repository/category/category.go:20.96,21.57 1 1
Back-End-Ecommers/repository/category/category.go:24.2,24.25 1 1
Back-End-Ecommers/repository/category/category.go:21.57,23.3 1 1
Back-End-Ecommers/repository/category/category.go:27.82,32.37 3 1
Back-End-Ecommers/repository/category/category.go:36.2,36.25 1 1
Back-End-Ecommers/repository/category/category.go:32.37,34.3 1 1
Back-End-Ecommers/repository/category/category.go:39.116,44.75 3 1
Back-End-Ecommers/repository/category/category.go:48.2,48.22 1 1
Back-End-Ecommers/repository/category/category.go:44.75,46.3 1 0
Back-End-Ecommers/repository/category/category.go:51.74,55.27 3 1
Back-End-Ecommers/repository/category/category.go:59.2,59.32 1 1
Back-End-Ecommers/repository/category/category.go:55.27,57.3 1 1
Back-End-Ecommers/repository/category/category.go:62.69,66.27 3 1
Back-End-Ecommers/repository/category/category.go:70.2,70.25 1 1
Back-End-Ecommers/repository/category/category.go:66.27,68.3 1 1
