mode: set
Back-End-Ecommers/repository/user/user.go:14.39,18.2 1 1
Back-End-Ecommers/repository/user/user.go:20.76,24.53 2 1
Back-End-Ecommers/repository/user/user.go:28.2,28.15 1 1
Back-End-Ecommers/repository/user/user.go:24.53,26.3 1 1
Back-End-Ecommers/repository/user/user.go:31.61,34.76 2 1
Back-End-Ecommers/repository/user/user.go:38.2,38.21 1 1
Back-End-Ecommers/repository/user/user.go:34.76,36.3 1 0
Back-End-Ecommers/repository/user/user.go:41.70,49.37 3 1
Back-End-Ecommers/repository/user/user.go:53.2,53.21 1 1
Back-End-Ecommers/repository/user/user.go:49.37,51.3 1 1
Back-End-Ecommers/repository/user/user.go:56.92,61.73 3 1
Back-End-Ecommers/repository/user/user.go:65.2,65.18 1 1
Back-End-Ecommers/repository/user/user.go:61.73,63.3 1 1
Back-End-Ecommers/repository/user/user.go:68.52,72.63 2 1
Back-End-Ecommers/repository/user/user.go:75.2,76.12 2 1
Back-End-Ecommers/repository/user/user.go:72.63,74.3 1 1
