mode: set
Back-End-Ecommers/repository/order/order.go:14.40,18.2 1 1
Back-End-Ecommers/repository/order/order.go:20.70,23.169 2 1
Back-End-Ecommers/repository/order/order.go:27.2,27.22 1 1
Back-End-Ecommers/repository/order/order.go:23.169,25.3 1 0
Back-End-Ecommers/repository/order/order.go:30.73,35.37 3 1
Back-End-Ecommers/repository/order/order.go:39.2,39.22 1 1
Back-End-Ecommers/repository/order/order.go:35.37,37.3 1 1
Back-End-Ecommers/repository/order/order.go:42.82,44.57 2 1
Back-End-Ecommers/repository/order/order.go:88.2,88.16 1 1
Back-End-Ecommers/repository/order/order.go:92.2,92.22 1 1
Back-End-Ecommers/repository/order/order.go:44.57,49.78 3 1
Back-End-Ecommers/repository/order/order.go:54.3,54.66 1 1
Back-End-Ecommers/repository/order/order.go:58.3,58.37 1 1
Back-End-Ecommers/repository/order/order.go:80.3,81.184 2 1
Back-End-Ecommers/repository/order/order.go:85.3,85.13 1 1
Back-End-Ecommers/repository/order/order.go:49.78,51.4 1 0
Back-End-Ecommers/repository/order/order.go:54.66,57.4 1 1
Back-End-Ecommers/repository/order/order.go:58.37,63.116 3 0
Back-End-Ecommers/repository/order/order.go:67.4,67.38 1 0
Back-End-Ecommers/repository/order/order.go:70.4,72.123 2 0
Back-End-Ecommers/repository/order/order.go:76.4,76.87 1 0
Back-End-Ecommers/repository/order/order.go:63.116,65.5 1 0
Back-End-Ecommers/repository/order/order.go:67.38,69.5 1 0
Back-End-Ecommers/repository/order/order.go:72.123,74.5 1 0
Back-End-Ecommers/repository/order/order.go:76.87,78.5 1 0
Back-End-Ecommers/repository/order/order.go:81.184,83.4 1 0
Back-End-Ecommers/repository/order/order.go:88.16,90.3 1 1
Back-End-Ecommers/repository/order/order.go:95.97,100.75 3 1
Back-End-Ecommers/repository/order/order.go:104.2,104.19 1 1
Back-End-Ecommers/repository/order/order.go:100.75,102.3 1 1
Back-End-Ecommers/repository/order/order.go:107.54,111.65 2 1
Back-End-Ecommers/repository/order/order.go:114.2,115.12 2 1
Back-End-Ecommers/repository/order/order.go:111.65,113.3 1 1
