mode: set
Back-End-Ecommers/delivery/controllers/user/user.go:17.48,21.2 1 1
Back-End-Ecommers/delivery/controllers/user/user.go:23.55,24.36 1 1
Back-End-Ecommers/delivery/controllers/user/user.go:24.36,27.82 2 1
Back-End-Ecommers/delivery/controllers/user/user.go:31.3,31.66 1 1
Back-End-Ecommers/delivery/controllers/user/user.go:37.3,39.17 2 1
Back-End-Ecommers/delivery/controllers/user/user.go:43.3,43.100 1 1
Back-End-Ecommers/delivery/controllers/user/user.go:27.82,29.4 1 1
Back-End-Ecommers/delivery/controllers/user/user.go:31.66,33.4 1 0
Back-End-Ecommers/delivery/controllers/user/user.go:33.9,35.4 1 1
Back-End-Ecommers/delivery/controllers/user/user.go:39.17,41.4 1 1
Back-End-Ecommers/delivery/controllers/user/user.go:47.54,48.36 1 1
Back-End-Ecommers/delivery/controllers/user/user.go:48.36,53.17 3 1
Back-End-Ecommers/delivery/controllers/user/user.go:57.3,57.87 1 1
Back-End-Ecommers/delivery/controllers/user/user.go:53.17,55.4 1 1
Back-End-Ecommers/delivery/controllers/user/user.go:61.53,62.36 1 1
Back-End-Ecommers/delivery/controllers/user/user.go:62.36,66.42 3 1
Back-End-Ecommers/delivery/controllers/user/user.go:70.3,72.17 2 1
Back-End-Ecommers/delivery/controllers/user/user.go:76.3,76.90 1 1
Back-End-Ecommers/delivery/controllers/user/user.go:66.42,68.4 1 0
Back-End-Ecommers/delivery/controllers/user/user.go:72.17,74.4 1 1
Back-End-Ecommers/delivery/controllers/user/user.go:80.53,81.36 1 1
Back-End-Ecommers/delivery/controllers/user/user.go:81.36,86.17 3 1
Back-End-Ecommers/delivery/controllers/user/user.go:90.3,90.90 1 1
Back-End-Ecommers/delivery/controllers/user/user.go:86.17,88.4 1 1
Back-End-Ecommers/delivery/controllers/user/user.go:94.53,95.36 1 1
Back-End-Ecommers/delivery/controllers/user/user.go:95.36,99.56 3 1
Back-End-Ecommers/delivery/controllers/user/user.go:103.3,105.70 2 1
Back-End-Ecommers/delivery/controllers/user/user.go:109.3,109.91 1 1
Back-End-Ecommers/delivery/controllers/user/user.go:99.56,101.4 1 1
Back-End-Ecommers/delivery/controllers/user/user.go:105.70,107.4 1 1
