mode: set
Back-End-Ecommers/repository/cart/cart.go:14.39,18.2 1 1
Back-End-Ecommers/repository/cart/cart.go:20.93,23.53 2 1
Back-End-Ecommers/repository/cart/cart.go:26.2,26.21 1 1
Back-End-Ecommers/repository/cart/cart.go:23.53,25.3 1 0
Back-End-Ecommers/repository/cart/cart.go:29.77,34.34 3 1
Back-End-Ecommers/repository/cart/cart.go:38.2,38.21 1 1
Back-End-Ecommers/repository/cart/cart.go:34.34,36.3 1 1
Back-End-Ecommers/repository/cart/cart.go:41.93,44.27 2 1
Back-End-Ecommers/repository/cart/cart.go:48.2,48.21 1 1
Back-End-Ecommers/repository/cart/cart.go:44.27,46.3 1 1
Back-End-Ecommers/repository/cart/cart.go:51.66,56.27 3 1
Back-End-Ecommers/repository/cart/cart.go:60.2,60.12 1 0
Back-End-Ecommers/repository/cart/cart.go:56.27,58.3 1 1
