mode: set
Back-End-Ecommers/repository/payment/payment.go:14.42,18.2 1 1
Back-End-Ecommers/repository/payment/payment.go:20.92,21.56 1 1
Back-End-Ecommers/repository/payment/payment.go:24.2,24.24 1 1
Back-End-Ecommers/repository/payment/payment.go:21.56,23.3 1 1
Back-End-Ecommers/repository/payment/payment.go:27.79,32.37 3 1
Back-End-Ecommers/repository/payment/payment.go:36.2,36.24 1 1
Back-End-Ecommers/repository/payment/payment.go:32.37,34.3 1 1
Back-End-Ecommers/repository/payment/payment.go:39.111,43.27 2 1
Back-End-Ecommers/repository/payment/payment.go:47.2,47.24 1 1
Back-End-Ecommers/repository/payment/payment.go:43.27,45.3 1 1
Back-End-Ecommers/repository/payment/payment.go:50.80,54.27 3 1
Back-End-Ecommers/repository/payment/payment.go:58.2,58.31 1 1
Back-End-Ecommers/repository/payment/payment.go:54.27,56.3 1 1
Back-End-Ecommers/repository/payment/payment.go:61.67,65.27 3 1
Back-End-Ecommers/repository/payment/payment.go:69.2,69.24 1 1
Back-End-Ecommers/repository/payment/payment.go:65.27,67.3 1 1
