mode: set
Back-End-Ecommers/repository/product/product.go:14.42,18.2 1 1
Back-End-Ecommers/repository/product/product.go:20.92,21.56 1 1
Back-End-Ecommers/repository/product/product.go:24.2,24.24 1 1
Back-End-Ecommers/repository/product/product.go:21.56,23.3 1 1
Back-End-Ecommers/repository/product/product.go:27.79,32.37 3 1
Back-End-Ecommers/repository/product/product.go:36.2,36.24 1 1
Back-End-Ecommers/repository/product/product.go:32.37,34.3 1 1
Back-End-Ecommers/repository/product/product.go:39.107,42.27 2 1
Back-End-Ecommers/repository/product/product.go:46.2,46.24 1 1
Back-End-Ecommers/repository/product/product.go:42.27,44.3 1 1
Back-End-Ecommers/repository/product/product.go:49.51,53.27 3 1
Back-End-Ecommers/repository/product/product.go:57.2,57.12 1 1
Back-End-Ecommers/repository/product/product.go:53.27,55.3 1 1
Back-End-Ecommers/repository/product/product.go:60.67,71.27 3 1
Back-End-Ecommers/repository/product/product.go:75.2,75.24 1 1
Back-End-Ecommers/repository/product/product.go:71.27,73.3 1 1
